<?xml version="1.0" encoding="UTF-8"?>
<!-- Generated by org.testng.reporters.JUnitReportReporter -->
<testsuite hostname="Gana-HP" failures="0" tests="1" name="practice.PumaTest" time="22.615" errors="0" timestamp="2024-07-30T10:53:33 IST" skipped="0">
  <testcase classname="practice.PumaTest" name="puma" time="22.615"/>
  <system-out/>
</testsuite> <!-- practice.PumaTest -->
