<?xml version="1.0" encoding="UTF-8"?>
<!-- Generated by org.testng.reporters.JUnitReportReporter -->
<testsuite hostname="Gana-HP" failures="0" tests="1" name="practice.sparksTest" time="34.836" errors="0" timestamp="2024-07-30T12:24:22 IST" skipped="0">
  <testcase classname="practice.sparksTest" name="sparks" time="34.836"/>
  <system-out/>
</testsuite> <!-- practice.sparksTest -->
