<?xml version="1.0" encoding="UTF-8"?>
<!-- Generated by org.testng.reporters.JUnitReportReporter -->
<testsuite hostname="Gana-HP" failures="0" tests="1" name="practice.crocsTest" time="25.411" errors="0" timestamp="2024-07-30T12:24:22 IST" skipped="0">
  <testcase classname="practice.crocsTest" name="cros" time="25.411"/>
  <system-out/>
</testsuite> <!-- practice.crocsTest -->
